#
# There is insufficient memory for the Java Runtime Environment to continue.
# Native memory allocation (malloc) failed to allocate 32744 bytes for ChunkPool::allocate
# Possible reasons:
#   The system is out of physical RAM or swap space
#   The process is running with CompressedOops enabled, and the Java Heap may be blocking the growth of the native heap
# Possible solutions:
#   Reduce memory load on the system
#   Increase physical memory or swap space
#   Check if swap backing store is full
#   Decrease Java heap size (-Xmx/-Xms)
#   Decrease number of Java threads
#   Decrease Java thread stack sizes (-Xss)
#   Set larger code cache with -XX:ReservedCodeCacheSize=
#   JVM is running with Unscaled Compressed Oops mode in which the Java heap is
#     placed in the first 4GB address space. The Java Heap base address is the
#     maximum limit for the native heap growth. Please use -XX:HeapBaseMinAddress
#     to set the Java Heap base and to place the Java Heap above 4GB virtual address.
# This output file may be truncated or incomplete.
#
#  Out of Memory Error (./src/hotspot/share/memory/arena.cpp:81), pid=1692, tid=5540
#
# JRE version: OpenJDK Runtime Environment (11.0.10) (build 11.0.10+0-b96-7249189)
# Java VM: OpenJDK 64-Bit Server VM (11.0.10+0-b96-7249189, mixed mode, tiered, compressed oops, g1 gc, windows-amd64)
# No core dump will be written. Minidumps are not enabled by default on client versions of Windows
#

---------------  S U M M A R Y ------------

Command Line: -Dorg.gradle.appname=gradlew org.gradle.wrapper.GradleWrapperMain -q -Ptarget-platform=android-x86 -Ptarget=E:\servnn_user_side_demo\lib\main.dart -Pbase-application-name=android.app.Application -Pdart-defines=Zmx1dHRlci5pbnNwZWN0b3Iuc3RydWN0dXJlZEVycm9ycz10cnVl,RkxVVFRFUl9XRUJfQVVUT19ERVRFQ1Q9dHJ1ZQ== -Pdart-obfuscation=false -Ptrack-widget-creation=true -Ptree-shake-icons=false -Pfilesystem-scheme=org-dartlang-root assembleDebug

Host: Intel(R) Core(TM) i7-7500U CPU @ 2.70GHz, 4 cores, 7G,  Windows 10 , 64 bit Build 19041 (10.0.19041.1889)
Time: Sun Sep 25 14:10:51 2022 Egypt Standard Time elapsed time: 12.923045 seconds (0d 0h 0m 12s)

---------------  T H R E A D  ---------------

Current thread (0x000002b879827800):  JavaThread "C2 CompilerThread0" daemon [_thread_in_native, id=5540, stack(0x000000f4cff00000,0x000000f4d0000000)]


Current CompileTask:
C2:  12923 1275       4       java.lang.Character::charCount (12 bytes)

Stack: [0x000000f4cff00000,0x000000f4d0000000]
Native frames: (J=compiled Java code, j=interpreted, Vv=VM code, C=native code)
V  [jvm.dll+0x5ecfaa]
V  [jvm.dll+0x722bd5]
V  [jvm.dll+0x72412d]
V  [jvm.dll+0x7247e3]
V  [jvm.dll+0x242928]
V  [jvm.dll+0xbc75b]
V  [jvm.dll+0xbca0c]
V  [jvm.dll+0x2a9c74]
V  [jvm.dll+0x6f5b26]
V  [jvm.dll+0x1fab48]
V  [jvm.dll+0x1fa1af]
V  [jvm.dll+0x18354c]
V  [jvm.dll+0x208ee7]
V  [jvm.dll+0x207731]
V  [jvm.dll+0x6eb1cf]
V  [jvm.dll+0x6e3d45]
V  [jvm.dll+0x5ebe96]
C  [ucrtbase.dll+0x21bb2]
C  [KERNEL32.DLL+0x17034]
C  [ntdll.dll+0x526a1]


---------------  P R O C E S S  ---------------

Threads class SMR info:
_java_thread_list=0x000002b87a651b00, length=13, elements={
0x000002b86e5ed000, 0x000002b879800800, 0x000002b879801800, 0x000002b87981d800,
0x000002b879820800, 0x000002b879821800, 0x000002b879827800, 0x000002b879829000,
0x000002b87a1ed800, 0x000002b87a2d9000, 0x000002b87abbd800, 0x000002b87a410000,
0x000002b87ad4f800
}

Java Threads: ( => current thread )
  0x000002b86e5ed000 JavaThread "main" [_thread_blocked, id=8648, stack(0x000000f4cf300000,0x000000f4cf400000)]
  0x000002b879800800 JavaThread "Reference Handler" daemon [_thread_blocked, id=12700, stack(0x000000f4cfa00000,0x000000f4cfb00000)]
  0x000002b879801800 JavaThread "Finalizer" daemon [_thread_blocked, id=7404, stack(0x000000f4cfb00000,0x000000f4cfc00000)]
  0x000002b87981d800 JavaThread "Signal Dispatcher" daemon [_thread_blocked, id=2540, stack(0x000000f4cfc00000,0x000000f4cfd00000)]
  0x000002b879820800 JavaThread "Attach Listener" daemon [_thread_blocked, id=12548, stack(0x000000f4cfd00000,0x000000f4cfe00000)]
  0x000002b879821800 JavaThread "Service Thread" daemon [_thread_blocked, id=12632, stack(0x000000f4cfe00000,0x000000f4cff00000)]
=>0x000002b879827800 JavaThread "C2 CompilerThread0" daemon [_thread_in_native, id=5540, stack(0x000000f4cff00000,0x000000f4d0000000)]
  0x000002b879829000 JavaThread "C1 CompilerThread0" daemon [_thread_blocked, id=10552, stack(0x000000f4d0000000,0x000000f4d0100000)]
  0x000002b87a1ed800 JavaThread "Sweeper thread" daemon [_thread_blocked, id=5448, stack(0x000000f4d0100000,0x000000f4d0200000)]
  0x000002b87a2d9000 JavaThread "Common-Cleaner" daemon [_thread_blocked, id=992, stack(0x000000f4d0300000,0x000000f4d0400000)]
  0x000002b87abbd800 JavaThread "pool-1-thread-1" [_thread_blocked, id=1132, stack(0x000000f4d0600000,0x000000f4d0700000)]
  0x000002b87a410000 JavaThread "Exec process" [_thread_in_native, id=1428, stack(0x000000f4d0a00000,0x000000f4d0b00000)]
  0x000002b87ad4f800 JavaThread "Exec process Thread 2" [_thread_blocked, id=2112, stack(0x000000f4d0c00000,0x000000f4d0d00000)]

Other Threads:
  0x000002b8797db800 VMThread "VM Thread" [stack: 0x000000f4cf900000,0x000000f4cfa00000] [id=13304]
  0x000002b87a2db000 WatcherThread [stack: 0x000000f4d0200000,0x000000f4d0300000] [id=5668]
  0x000002b86e604800 GCTaskThread "GC Thread#0" [stack: 0x000000f4cf400000,0x000000f4cf500000] [id=5324]
  0x000002b87a667800 GCTaskThread "GC Thread#1" [stack: 0x000000f4d0400000,0x000000f4d0500000] [id=6268]
  0x000002b87a7f8800 GCTaskThread "GC Thread#2" [stack: 0x000000f4d0500000,0x000000f4d0600000] [id=5636]
  0x000002b87af99000 GCTaskThread "GC Thread#3" [stack: 0x000000f4d0700000,0x000000f4d0800000] [id=13008]
  0x000002b86e633000 ConcurrentGCThread "G1 Main Marker" [stack: 0x000000f4cf500000,0x000000f4cf600000] [id=1648]
  0x000002b86e635800 ConcurrentGCThread "G1 Conc#0" [stack: 0x000000f4cf600000,0x000000f4cf700000] [id=12884]
  0x000002b86e6c1000 ConcurrentGCThread "G1 Refine#0" [stack: 0x000000f4cf700000,0x000000f4cf800000] [id=8080]
  0x000002b86e6c2000 ConcurrentGCThread "G1 Young RemSet Sampling" [stack: 0x000000f4cf800000,0x000000f4cf900000] [id=1020]

Threads with active compile tasks:
C2 CompilerThread0  12944 1275       4       java.lang.Character::charCount (12 bytes)

VM state:not at safepoint (normal execution)

VM Mutex/Monitor currently owned by a thread: None

Heap address: 0x0000000082800000, size: 2008 MB, Compressed Oops mode: 32-bit
Narrow klass base: 0x0000000000000000, Narrow klass shift: 3
Compressed class space size: 1073741824 Address: 0x0000000100000000

Heap:
 garbage-first heap   total 129024K, used 20990K [0x0000000082800000, 0x0000000100000000)
  region size 1024K, 14 young (14336K), 1 survivors (1024K)
 Metaspace       used 15366K, capacity 15696K, committed 15744K, reserved 1062912K
  class space    used 1733K, capacity 1874K, committed 1920K, reserved 1048576K
Heap Regions: E=young(eden), S=young(survivor), O=old, HS=humongous(starts), HC=humongous(continues), CS=collection set, F=free, A=archive, TAMS=top-at-mark-start (previous, next)
|   0|0x0000000082800000, 0x0000000082900000, 0x0000000082900000|100%| O|  |TAMS 0x0000000082800000, 0x0000000082800000| Untracked 
|   1|0x0000000082900000, 0x00000000829ab600, 0x0000000082a00000| 66%| O|  |TAMS 0x0000000082900000, 0x0000000082900000| Untracked 
|   2|0x0000000082a00000, 0x0000000082a00000, 0x0000000082b00000|  0%| F|  |TAMS 0x0000000082a00000, 0x0000000082a00000| Untracked 
|   3|0x0000000082b00000, 0x0000000082c00000, 0x0000000082c00000|100%|HS|  |TAMS 0x0000000082b00000, 0x0000000082b00000| Complete 
|   4|0x0000000082c00000, 0x0000000082d00000, 0x0000000082d00000|100%|HC|  |TAMS 0x0000000082c00000, 0x0000000082c00000| Complete 
|   5|0x0000000082d00000, 0x0000000082e00000, 0x0000000082e00000|100%|HC|  |TAMS 0x0000000082d00000, 0x0000000082d00000| Complete 
|   6|0x0000000082e00000, 0x0000000082f00000, 0x0000000082f00000|100%| O|  |TAMS 0x0000000082e00000, 0x0000000082e00000| Untracked 
|   7|0x0000000082f00000, 0x0000000083000000, 0x0000000083000000|100%| O|  |TAMS 0x0000000082f00000, 0x0000000082f00000| Untracked 
|   8|0x0000000083000000, 0x0000000083100000, 0x0000000083100000|100%| O|  |TAMS 0x0000000083000000, 0x0000000083000000| Untracked 
|   9|0x0000000083100000, 0x0000000083100000, 0x0000000083200000|  0%| F|  |TAMS 0x0000000083100000, 0x0000000083100000| Untracked 
|  10|0x0000000083200000, 0x0000000083200000, 0x0000000083300000|  0%| F|  |TAMS 0x0000000083200000, 0x0000000083200000| Untracked 
|  11|0x0000000083300000, 0x0000000083300000, 0x0000000083400000|  0%| F|  |TAMS 0x0000000083300000, 0x0000000083300000| Untracked 
|  12|0x0000000083400000, 0x0000000083400000, 0x0000000083500000|  0%| F|  |TAMS 0x0000000083400000, 0x0000000083400000| Untracked 
|  13|0x0000000083500000, 0x0000000083500000, 0x0000000083600000|  0%| F|  |TAMS 0x0000000083500000, 0x0000000083500000| Untracked 
|  14|0x0000000083600000, 0x0000000083600000, 0x0000000083700000|  0%| F|  |TAMS 0x0000000083600000, 0x0000000083600000| Untracked 
|  15|0x0000000083700000, 0x0000000083700000, 0x0000000083800000|  0%| F|  |TAMS 0x0000000083700000, 0x0000000083700000| Untracked 
|  16|0x0000000083800000, 0x0000000083800000, 0x0000000083900000|  0%| F|  |TAMS 0x0000000083800000, 0x0000000083800000| Untracked 
|  17|0x0000000083900000, 0x0000000083900000, 0x0000000083a00000|  0%| F|  |TAMS 0x0000000083900000, 0x0000000083900000| Untracked 
|  18|0x0000000083a00000, 0x0000000083a00000, 0x0000000083b00000|  0%| F|  |TAMS 0x0000000083a00000, 0x0000000083a00000| Untracked 
|  19|0x0000000083b00000, 0x0000000083b00000, 0x0000000083c00000|  0%| F|  |TAMS 0x0000000083b00000, 0x0000000083b00000| Untracked 
|  20|0x0000000083c00000, 0x0000000083c00000, 0x0000000083d00000|  0%| F|  |TAMS 0x0000000083c00000, 0x0000000083c00000| Untracked 
|  21|0x0000000083d00000, 0x0000000083d00000, 0x0000000083e00000|  0%| F|  |TAMS 0x0000000083d00000, 0x0000000083d00000| Untracked 
|  22|0x0000000083e00000, 0x0000000083e00000, 0x0000000083f00000|  0%| F|  |TAMS 0x0000000083e00000, 0x0000000083e00000| Untracked 
|  23|0x0000000083f00000, 0x0000000083f00000, 0x0000000084000000|  0%| F|  |TAMS 0x0000000083f00000, 0x0000000083f00000| Untracked 
|  24|0x0000000084000000, 0x0000000084000000, 0x0000000084100000|  0%| F|  |TAMS 0x0000000084000000, 0x0000000084000000| Untracked 
|  25|0x0000000084100000, 0x0000000084100000, 0x0000000084200000|  0%| F|  |TAMS 0x0000000084100000, 0x0000000084100000| Untracked 
|  26|0x0000000084200000, 0x0000000084200000, 0x0000000084300000|  0%| F|  |TAMS 0x0000000084200000, 0x0000000084200000| Untracked 
|  27|0x0000000084300000, 0x0000000084300000, 0x0000000084400000|  0%| F|  |TAMS 0x0000000084300000, 0x0000000084300000| Untracked 
|  28|0x0000000084400000, 0x0000000084400000, 0x0000000084500000|  0%| F|  |TAMS 0x0000000084400000, 0x0000000084400000| Untracked 
|  29|0x0000000084500000, 0x0000000084500000, 0x0000000084600000|  0%| F|  |TAMS 0x0000000084500000, 0x0000000084500000| Untracked 
|  30|0x0000000084600000, 0x0000000084600000, 0x0000000084700000|  0%| F|  |TAMS 0x0000000084600000, 0x0000000084600000| Untracked 
|  31|0x0000000084700000, 0x0000000084700000, 0x0000000084800000|  0%| F|  |TAMS 0x0000000084700000, 0x0000000084700000| Untracked 
|  32|0x0000000084800000, 0x0000000084800000, 0x0000000084900000|  0%| F|  |TAMS 0x0000000084800000, 0x0000000084800000| Untracked 
|  33|0x0000000084900000, 0x0000000084900000, 0x0000000084a00000|  0%| F|  |TAMS 0x0000000084900000, 0x0000000084900000| Untracked 
|  34|0x0000000084a00000, 0x0000000084a00000, 0x0000000084b00000|  0%| F|  |TAMS 0x0000000084a00000, 0x0000000084a00000| Untracked 
|  35|0x0000000084b00000, 0x0000000084b00000, 0x0000000084c00000|  0%| F|  |TAMS 0x0000000084b00000, 0x0000000084b00000| Untracked 
|  36|0x0000000084c00000, 0x0000000084c00000, 0x0000000084d00000|  0%| F|  |TAMS 0x0000000084c00000, 0x0000000084c00000| Untracked 
|  37|0x0000000084d00000, 0x0000000084d00000, 0x0000000084e00000|  0%| F|  |TAMS 0x0000000084d00000, 0x0000000084d00000| Untracked 
|  38|0x0000000084e00000, 0x0000000084e00000, 0x0000000084f00000|  0%| F|  |TAMS 0x0000000084e00000, 0x0000000084e00000| Untracked 
|  39|0x0000000084f00000, 0x0000000084f00000, 0x0000000085000000|  0%| F|  |TAMS 0x0000000084f00000, 0x0000000084f00000| Untracked 
|  40|0x0000000085000000, 0x0000000085000000, 0x0000000085100000|  0%| F|  |TAMS 0x0000000085000000, 0x0000000085000000| Untracked 
|  41|0x0000000085100000, 0x0000000085100000, 0x0000000085200000|  0%| F|  |TAMS 0x0000000085100000, 0x0000000085100000| Untracked 
|  42|0x0000000085200000, 0x0000000085200000, 0x0000000085300000|  0%| F|  |TAMS 0x0000000085200000, 0x0000000085200000| Untracked 
|  43|0x0000000085300000, 0x0000000085300000, 0x0000000085400000|  0%| F|  |TAMS 0x0000000085300000, 0x0000000085300000| Untracked 
|  44|0x0000000085400000, 0x0000000085400000, 0x0000000085500000|  0%| F|  |TAMS 0x0000000085400000, 0x0000000085400000| Untracked 
|  45|0x0000000085500000, 0x0000000085500000, 0x0000000085600000|  0%| F|  |TAMS 0x0000000085500000, 0x0000000085500000| Untracked 
|  46|0x0000000085600000, 0x0000000085600000, 0x0000000085700000|  0%| F|  |TAMS 0x0000000085600000, 0x0000000085600000| Untracked 
|  47|0x0000000085700000, 0x0000000085700000, 0x0000000085800000|  0%| F|  |TAMS 0x0000000085700000, 0x0000000085700000| Untracked 
|  48|0x0000000085800000, 0x0000000085800000, 0x0000000085900000|  0%| F|  |TAMS 0x0000000085800000, 0x0000000085800000| Untracked 
|  49|0x0000000085900000, 0x0000000085900000, 0x0000000085a00000|  0%| F|  |TAMS 0x0000000085900000, 0x0000000085900000| Untracked 
|  50|0x0000000085a00000, 0x0000000085a00000, 0x0000000085b00000|  0%| F|  |TAMS 0x0000000085a00000, 0x0000000085a00000| Untracked 
|  51|0x0000000085b00000, 0x0000000085b00000, 0x0000000085c00000|  0%| F|  |TAMS 0x0000000085b00000, 0x0000000085b00000| Untracked 
|  52|0x0000000085c00000, 0x0000000085c00000, 0x0000000085d00000|  0%| F|  |TAMS 0x0000000085c00000, 0x0000000085c00000| Untracked 
|  53|0x0000000085d00000, 0x0000000085d00000, 0x0000000085e00000|  0%| F|  |TAMS 0x0000000085d00000, 0x0000000085d00000| Untracked 
|  54|0x0000000085e00000, 0x0000000085e00000, 0x0000000085f00000|  0%| F|  |TAMS 0x0000000085e00000, 0x0000000085e00000| Untracked 
|  55|0x0000000085f00000, 0x0000000085f00000, 0x0000000086000000|  0%| F|  |TAMS 0x0000000085f00000, 0x0000000085f00000| Untracked 
|  56|0x0000000086000000, 0x0000000086000000, 0x0000000086100000|  0%| F|  |TAMS 0x0000000086000000, 0x0000000086000000| Untracked 
|  57|0x0000000086100000, 0x0000000086100000, 0x0000000086200000|  0%| F|  |TAMS 0x0000000086100000, 0x0000000086100000| Untracked 
|  58|0x0000000086200000, 0x0000000086200000, 0x0000000086300000|  0%| F|  |TAMS 0x0000000086200000, 0x0000000086200000| Untracked 
|  59|0x0000000086300000, 0x0000000086300000, 0x0000000086400000|  0%| F|  |TAMS 0x0000000086300000, 0x0000000086300000| Untracked 
|  60|0x0000000086400000, 0x0000000086400000, 0x0000000086500000|  0%| F|  |TAMS 0x0000000086400000, 0x0000000086400000| Untracked 
|  61|0x0000000086500000, 0x0000000086500000, 0x0000000086600000|  0%| F|  |TAMS 0x0000000086500000, 0x0000000086500000| Untracked 
|  62|0x0000000086600000, 0x0000000086600000, 0x0000000086700000|  0%| F|  |TAMS 0x0000000086600000, 0x0000000086600000| Untracked 
|  63|0x0000000086700000, 0x0000000086700000, 0x0000000086800000|  0%| F|  |TAMS 0x0000000086700000, 0x0000000086700000| Untracked 
|  64|0x0000000086800000, 0x0000000086800000, 0x0000000086900000|  0%| F|  |TAMS 0x0000000086800000, 0x0000000086800000| Untracked 
|  65|0x0000000086900000, 0x0000000086900000, 0x0000000086a00000|  0%| F|  |TAMS 0x0000000086900000, 0x0000000086900000| Untracked 
|  66|0x0000000086a00000, 0x0000000086a00000, 0x0000000086b00000|  0%| F|  |TAMS 0x0000000086a00000, 0x0000000086a00000| Untracked 
|  67|0x0000000086b00000, 0x0000000086b00000, 0x0000000086c00000|  0%| F|  |TAMS 0x0000000086b00000, 0x0000000086b00000| Untracked 
|  68|0x0000000086c00000, 0x0000000086c00000, 0x0000000086d00000|  0%| F|  |TAMS 0x0000000086c00000, 0x0000000086c00000| Untracked 
|  69|0x0000000086d00000, 0x0000000086d00000, 0x0000000086e00000|  0%| F|  |TAMS 0x0000000086d00000, 0x0000000086d00000| Untracked 
|  70|0x0000000086e00000, 0x0000000086e00000, 0x0000000086f00000|  0%| F|  |TAMS 0x0000000086e00000, 0x0000000086e00000| Untracked 
|  71|0x0000000086f00000, 0x0000000086f00000, 0x0000000087000000|  0%| F|  |TAMS 0x0000000086f00000, 0x0000000086f00000| Untracked 
|  72|0x0000000087000000, 0x0000000087000000, 0x0000000087100000|  0%| F|  |TAMS 0x0000000087000000, 0x0000000087000000| Untracked 
|  73|0x0000000087100000, 0x0000000087100000, 0x0000000087200000|  0%| F|  |TAMS 0x0000000087100000, 0x0000000087100000| Untracked 
|  74|0x0000000087200000, 0x0000000087200000, 0x0000000087300000|  0%| F|  |TAMS 0x0000000087200000, 0x0000000087200000| Untracked 
|  75|0x0000000087300000, 0x0000000087300000, 0x0000000087400000|  0%| F|  |TAMS 0x0000000087300000, 0x0000000087300000| Untracked 
|  76|0x0000000087400000, 0x0000000087400000, 0x0000000087500000|  0%| F|  |TAMS 0x0000000087400000, 0x0000000087400000| Untracked 
|  77|0x0000000087500000, 0x0000000087500000, 0x0000000087600000|  0%| F|  |TAMS 0x0000000087500000, 0x0000000087500000| Untracked 
|  78|0x0000000087600000, 0x0000000087600000, 0x0000000087700000|  0%| F|  |TAMS 0x0000000087600000, 0x0000000087600000| Untracked 
|  79|0x0000000087700000, 0x0000000087700000, 0x0000000087800000|  0%| F|  |TAMS 0x0000000087700000, 0x0000000087700000| Untracked 
|  80|0x0000000087800000, 0x0000000087800000, 0x0000000087900000|  0%| F|  |TAMS 0x0000000087800000, 0x0000000087800000| Untracked 
|  81|0x0000000087900000, 0x0000000087900000, 0x0000000087a00000|  0%| F|  |TAMS 0x0000000087900000, 0x0000000087900000| Untracked 
|  82|0x0000000087a00000, 0x0000000087a00000, 0x0000000087b00000|  0%| F|  |TAMS 0x0000000087a00000, 0x0000000087a00000| Untracked 
|  83|0x0000000087b00000, 0x0000000087b00000, 0x0000000087c00000|  0%| F|  |TAMS 0x0000000087b00000, 0x0000000087b00000| Untracked 
|  84|0x0000000087c00000, 0x0000000087c00000, 0x0000000087d00000|  0%| F|  |TAMS 0x0000000087c00000, 0x0000000087c00000| Untracked 
|  85|0x0000000087d00000, 0x0000000087d00000, 0x0000000087e00000|  0%| F|  |TAMS 0x0000000087d00000, 0x0000000087d00000| Untracked 
|  86|0x0000000087e00000, 0x0000000087e00000, 0x0000000087f00000|  0%| F|  |TAMS 0x0000000087e00000, 0x0000000087e00000| Untracked 
|  87|0x0000000087f00000, 0x0000000087f00000, 0x0000000088000000|  0%| F|  |TAMS 0x0000000087f00000, 0x0000000087f00000| Untracked 
|  88|0x0000000088000000, 0x0000000088000000, 0x0000000088100000|  0%| F|  |TAMS 0x0000000088000000, 0x0000000088000000| Untracked 
|  89|0x0000000088100000, 0x0000000088100000, 0x0000000088200000|  0%| F|  |TAMS 0x0000000088100000, 0x0000000088100000| Untracked 
|  90|0x0000000088200000, 0x0000000088200000, 0x0000000088300000|  0%| F|  |TAMS 0x0000000088200000, 0x0000000088200000| Untracked 
|  91|0x0000000088300000, 0x0000000088300000, 0x0000000088400000|  0%| F|  |TAMS 0x0000000088300000, 0x0000000088300000| Untracked 
|  92|0x0000000088400000, 0x0000000088400000, 0x0000000088500000|  0%| F|  |TAMS 0x0000000088400000, 0x0000000088400000| Untracked 
|  93|0x0000000088500000, 0x0000000088500000, 0x0000000088600000|  0%| F|  |TAMS 0x0000000088500000, 0x0000000088500000| Untracked 
|  94|0x0000000088600000, 0x0000000088600000, 0x0000000088700000|  0%| F|  |TAMS 0x0000000088600000, 0x0000000088600000| Untracked 
|  95|0x0000000088700000, 0x0000000088700000, 0x0000000088800000|  0%| F|  |TAMS 0x0000000088700000, 0x0000000088700000| Untracked 
|  96|0x0000000088800000, 0x0000000088800000, 0x0000000088900000|  0%| F|  |TAMS 0x0000000088800000, 0x0000000088800000| Untracked 
|  97|0x0000000088900000, 0x0000000088900000, 0x0000000088a00000|  0%| F|  |TAMS 0x0000000088900000, 0x0000000088900000| Untracked 
|  98|0x0000000088a00000, 0x0000000088a00000, 0x0000000088b00000|  0%| F|  |TAMS 0x0000000088a00000, 0x0000000088a00000| Untracked 
|  99|0x0000000088b00000, 0x0000000088b00000, 0x0000000088c00000|  0%| F|  |TAMS 0x0000000088b00000, 0x0000000088b00000| Untracked 
| 100|0x0000000088c00000, 0x0000000088c00000, 0x0000000088d00000|  0%| F|  |TAMS 0x0000000088c00000, 0x0000000088c00000| Untracked 
| 101|0x0000000088d00000, 0x0000000088d00000, 0x0000000088e00000|  0%| F|  |TAMS 0x0000000088d00000, 0x0000000088d00000| Untracked 
| 102|0x0000000088e00000, 0x0000000088e00000, 0x0000000088f00000|  0%| F|  |TAMS 0x0000000088e00000, 0x0000000088e00000| Untracked 
| 103|0x0000000088f00000, 0x0000000088f00000, 0x0000000089000000|  0%| F|  |TAMS 0x0000000088f00000, 0x0000000088f00000| Untracked 
| 104|0x0000000089000000, 0x0000000089000000, 0x0000000089100000|  0%| F|  |TAMS 0x0000000089000000, 0x0000000089000000| Untracked 
| 105|0x0000000089100000, 0x0000000089100000, 0x0000000089200000|  0%| F|  |TAMS 0x0000000089100000, 0x0000000089100000| Untracked 
| 106|0x0000000089200000, 0x0000000089200000, 0x0000000089300000|  0%| F|  |TAMS 0x0000000089200000, 0x0000000089200000| Untracked 
| 107|0x0000000089300000, 0x0000000089300000, 0x0000000089400000|  0%| F|  |TAMS 0x0000000089300000, 0x0000000089300000| Untracked 
| 108|0x0000000089400000, 0x0000000089400000, 0x0000000089500000|  0%| F|  |TAMS 0x0000000089400000, 0x0000000089400000| Untracked 
| 109|0x0000000089500000, 0x0000000089500000, 0x0000000089600000|  0%| F|  |TAMS 0x0000000089500000, 0x0000000089500000| Untracked 
| 110|0x0000000089600000, 0x0000000089600000, 0x0000000089700000|  0%| F|  |TAMS 0x0000000089600000, 0x0000000089600000| Untracked 
| 111|0x0000000089700000, 0x0000000089700000, 0x0000000089800000|  0%| F|  |TAMS 0x0000000089700000, 0x0000000089700000| Untracked 
| 112|0x0000000089800000, 0x00000000898e8ea0, 0x0000000089900000| 90%| E|  |TAMS 0x0000000089800000, 0x0000000089800000| Complete 
| 113|0x0000000089900000, 0x00000000899d4250, 0x0000000089a00000| 82%| S|CS|TAMS 0x0000000089900000, 0x0000000089900000| Complete 
| 114|0x0000000089a00000, 0x0000000089b00000, 0x0000000089b00000|100%| E|CS|TAMS 0x0000000089a00000, 0x0000000089a00000| Complete 
| 115|0x0000000089b00000, 0x0000000089c00000, 0x0000000089c00000|100%| E|CS|TAMS 0x0000000089b00000, 0x0000000089b00000| Complete 
| 116|0x0000000089c00000, 0x0000000089d00000, 0x0000000089d00000|100%| E|CS|TAMS 0x0000000089c00000, 0x0000000089c00000| Complete 
| 117|0x0000000089d00000, 0x0000000089e00000, 0x0000000089e00000|100%| E|CS|TAMS 0x0000000089d00000, 0x0000000089d00000| Complete 
| 118|0x0000000089e00000, 0x0000000089f00000, 0x0000000089f00000|100%| E|CS|TAMS 0x0000000089e00000, 0x0000000089e00000| Complete 
| 119|0x0000000089f00000, 0x000000008a000000, 0x000000008a000000|100%| E|CS|TAMS 0x0000000089f00000, 0x0000000089f00000| Complete 
| 120|0x000000008a000000, 0x000000008a100000, 0x000000008a100000|100%| E|CS|TAMS 0x000000008a000000, 0x000000008a000000| Complete 
| 121|0x000000008a100000, 0x000000008a200000, 0x000000008a200000|100%| E|CS|TAMS 0x000000008a100000, 0x000000008a100000| Complete 
| 122|0x000000008a200000, 0x000000008a300000, 0x000000008a300000|100%| E|CS|TAMS 0x000000008a200000, 0x000000008a200000| Complete 
| 123|0x000000008a300000, 0x000000008a400000, 0x000000008a400000|100%| E|CS|TAMS 0x000000008a300000, 0x000000008a300000| Complete 
| 124|0x000000008a400000, 0x000000008a500000, 0x000000008a500000|100%| E|CS|TAMS 0x000000008a400000, 0x000000008a400000| Complete 
| 125|0x000000008a500000, 0x000000008a600000, 0x000000008a600000|100%| E|CS|TAMS 0x000000008a500000, 0x000000008a500000| Complete 

Card table byte_map: [0x000002b872b20000,0x000002b872f10000] _byte_map_base: 0x000002b87270c000

Marking Bits (Prev, Next): (CMBitMap*) 0x000002b86e62a4a8, (CMBitMap*) 0x000002b86e62a4e0
 Prev Bits: [0x000002b873300000, 0x000002b875260000)
 Next Bits: [0x000002b875260000, 0x000002b8771c0000)

Polling page: 0x000002b86ce10000

Metaspace:

Usage:
  Non-class:     13.50 MB capacity,    13.31 MB ( 99%) used,   167.17 KB (  1%) free+waste,    21.81 KB ( <1%) overhead. 
      Class:      1.83 MB capacity,     1.69 MB ( 92%) used,   130.20 KB (  7%) free+waste,    10.75 KB ( <1%) overhead. 
       Both:     15.33 MB capacity,    15.01 MB ( 98%) used,   297.38 KB (  2%) free+waste,    32.56 KB ( <1%) overhead. 

Virtual space:
  Non-class space:       14.00 MB reserved,      13.50 MB ( 96%) committed 
      Class space:        1.00 GB reserved,       1.88 MB ( <1%) committed 
             Both:        1.01 GB reserved,      15.38 MB (  1%) committed 

Chunk freelists:
   Non-Class:  2.00 KB
       Class:  14.00 KB
        Both:  16.00 KB

MaxMetaspaceSize: 17179869184.00 GB
CompressedClassSpaceSize: 1.00 GB

CodeHeap 'non-profiled nmethods': size=120064Kb used=414Kb max_used=414Kb free=119649Kb
 bounds [0x000002b807ac0000, 0x000002b807d30000, 0x000002b80f000000]
CodeHeap 'profiled nmethods': size=120000Kb used=2478Kb max_used=2478Kb free=117521Kb
 bounds [0x000002b800590000, 0x000002b800800000, 0x000002b807ac0000]
CodeHeap 'non-nmethods': size=5696Kb used=1102Kb max_used=1115Kb free=4593Kb
 bounds [0x000002b800000000, 0x000002b800270000, 0x000002b800590000]
 total_blobs=1700 nmethods=1279 adapters=333
 compilation: enabled
              stopped_count=0, restarted_count=0
 full_count=0

Compilation events (20 events):
Event: 11.802 Thread 0x000002b879829000 1260       3       jdk.internal.org.objectweb.asm.Frame::pop (45 bytes)
Event: 11.803 Thread 0x000002b879829000 nmethod 1260 0x000002b8007ecd90 code [0x000002b8007ecf40, 0x000002b8007ed0b8]
Event: 11.921 Thread 0x000002b879829000 1261       3       java.io.OutputStream::<init> (5 bytes)
Event: 11.922 Thread 0x000002b879829000 nmethod 1261 0x000002b8007ed190 code [0x000002b8007ed340, 0x000002b8007ed498]
Event: 11.924 Thread 0x000002b879829000 1262       3       java.util.HashMap::getNode (148 bytes)
Event: 11.928 Thread 0x000002b879829000 nmethod 1262 0x000002b8007ed590 code [0x000002b8007ed7c0, 0x000002b8007ee128]
Event: 11.928 Thread 0x000002b879829000 1263       3       java.lang.reflect.ProxyGenerator$ConstantPool$IndirectEntry::write (61 bytes)
Event: 11.933 Thread 0x000002b879829000 nmethod 1263 0x000002b8007ee390 code [0x000002b8007ee5e0, 0x000002b8007eef28]
Event: 12.035 Thread 0x000002b879829000 1265       3       java.lang.StringBuilder::append (8 bytes)
Event: 12.036 Thread 0x000002b879829000 nmethod 1265 0x000002b8007ef210 code [0x000002b8007ef3c0, 0x000002b8007ef508]
Event: 12.036 Thread 0x000002b879829000 1266       3       java.lang.AbstractStringBuilder::append (55 bytes)
Event: 12.039 Thread 0x000002b879829000 nmethod 1266 0x000002b8007ef590 code [0x000002b8007ef780, 0x000002b8007efab8]
Event: 12.039 Thread 0x000002b879829000 1267       3       java.lang.invoke.TypeConvertingMethodAdapter::descriptorToName (36 bytes)
Event: 12.217 Thread 0x000002b879829000 nmethod 1267 0x000002b8007efc10 code [0x000002b8007efea0, 0x000002b8007f0a28]
Event: 12.702 Thread 0x000002b879829000 1268       3       java.util.LinkedHashMap$LinkedHashIterator::<init> (31 bytes)
Event: 12.702 Thread 0x000002b879829000 nmethod 1268 0x000002b8007f0e90 code [0x000002b8007f1040, 0x000002b8007f1298]
Event: 12.909 Thread 0x000002b879829000 1269       3       java.lang.invoke.VarHandleGuards::guard_LLL_Z (70 bytes)
Event: 12.910 Thread 0x000002b879829000 nmethod 1269 0x000002b8007f1390 code [0x000002b8007f1640, 0x000002b8007f25e8]
Event: 12.920 Thread 0x000002b879829000 1271       3       java.util.regex.Pattern::compile (498 bytes)
Event: 12.922 Thread 0x000002b879827800 1275       4       java.lang.Character::charCount (12 bytes)

GC Heap History (4 events):
Event: 1.929 GC heap before
{Heap before GC invocations=0 (full 0):
 garbage-first heap   total 129024K, used 19456K [0x0000000082800000, 0x0000000100000000)
  region size 1024K, 14 young (14336K), 0 survivors (0K)
 Metaspace       used 8095K, capacity 8273K, committed 8576K, reserved 1056768K
  class space    used 741K, capacity 818K, committed 896K, reserved 1048576K
}
Event: 2.123 GC heap after
{Heap after GC invocations=1 (full 0):
 garbage-first heap   total 129024K, used 7832K [0x0000000082800000, 0x0000000100000000)
  region size 1024K, 2 young (2048K), 2 survivors (2048K)
 Metaspace       used 8095K, capacity 8273K, committed 8576K, reserved 1056768K
  class space    used 741K, capacity 818K, committed 896K, reserved 1048576K
}
Event: 3.229 GC heap before
{Heap before GC invocations=1 (full 0):
 garbage-first heap   total 129024K, used 20120K [0x0000000082800000, 0x0000000100000000)
  region size 1024K, 14 young (14336K), 2 survivors (2048K)
 Metaspace       used 11576K, capacity 11818K, committed 11904K, reserved 1060864K
  class space    used 1273K, capacity 1365K, committed 1408K, reserved 1048576K
}
Event: 3.497 GC heap after
{Heap after GC invocations=2 (full 0):
 garbage-first heap   total 129024K, used 8702K [0x0000000082800000, 0x0000000100000000)
  region size 1024K, 1 young (1024K), 1 survivors (1024K)
 Metaspace       used 11576K, capacity 11818K, committed 11904K, reserved 1060864K
  class space    used 1273K, capacity 1365K, committed 1408K, reserved 1048576K
}

Deoptimization events (20 events):
Event: 9.118 Thread 0x000002b86e5ed000 DEOPT PACKING pc=0x000002b80062e651 sp=0x000000f4cf3fd210
Event: 9.118 Thread 0x000002b86e5ed000 DEOPT UNPACKING pc=0x000002b8000276ce sp=0x000000f4cf3fc6d8 mode 0
Event: 9.137 Thread 0x000002b86e5ed000 DEOPT PACKING pc=0x000002b80062e651 sp=0x000000f4cf3fd210
Event: 9.137 Thread 0x000002b86e5ed000 DEOPT UNPACKING pc=0x000002b8000276ce sp=0x000000f4cf3fc6d8 mode 0
Event: 11.921 Thread 0x000002b87a410000 Uncommon trap: trap_request=0xffffff4d fr.pc=0x000002b807af7fac relative=0x00000000000001ec
Event: 11.922 Thread 0x000002b87a410000 Uncommon trap: reason=unstable_if action=reinterpret pc=0x000002b807af7fac method=java.util.HashMap.getNode(ILjava/lang/Object;)Ljava/util/HashMap$Node; @ 129 c2
Event: 11.922 Thread 0x000002b87a410000 DEOPT PACKING pc=0x000002b807af7fac sp=0x000000f4d0afe830
Event: 11.922 Thread 0x000002b87a410000 DEOPT UNPACKING pc=0x000002b8000278af sp=0x000000f4d0afe7a0 mode 2
Event: 12.241 Thread 0x000002b87a410000 Uncommon trap: trap_request=0xffffff4d fr.pc=0x000002b807af58b8 relative=0x0000000000000478
Event: 12.241 Thread 0x000002b87a410000 Uncommon trap: reason=unstable_if action=reinterpret pc=0x000002b807af58b8 method=java.lang.AbstractStringBuilder.putStringAt(ILjava/lang/String;)V @ 8 c2
Event: 12.241 Thread 0x000002b87a410000 DEOPT PACKING pc=0x000002b807af58b8 sp=0x000000f4d0afef00
Event: 12.241 Thread 0x000002b87a410000 DEOPT UNPACKING pc=0x000002b8000278af sp=0x000000f4d0afee08 mode 2
Event: 12.241 Thread 0x000002b87a410000 Uncommon trap: trap_request=0xffffff4d fr.pc=0x000002b807aed814 relative=0x0000000000000454
Event: 12.241 Thread 0x000002b87a410000 Uncommon trap: reason=unstable_if action=reinterpret pc=0x000002b807aed814 method=java.lang.AbstractStringBuilder.putStringAt(ILjava/lang/String;)V @ 8 c2
Event: 12.241 Thread 0x000002b87a410000 DEOPT PACKING pc=0x000002b807aed814 sp=0x000000f4d0afee90
Event: 12.241 Thread 0x000002b87a410000 DEOPT UNPACKING pc=0x000002b8000278af sp=0x000000f4d0afee00 mode 2
Event: 12.241 Thread 0x000002b87a410000 Uncommon trap: trap_request=0xffffff4d fr.pc=0x000002b807b0c140 relative=0x0000000000000380
Event: 12.241 Thread 0x000002b87a410000 Uncommon trap: reason=unstable_if action=reinterpret pc=0x000002b807b0c140 method=java.lang.AbstractStringBuilder.isLatin1()Z @ 10 c2
Event: 12.241 Thread 0x000002b87a410000 DEOPT PACKING pc=0x000002b807b0c140 sp=0x000000f4d0afef10
Event: 12.241 Thread 0x000002b87a410000 DEOPT UNPACKING pc=0x000002b8000278af sp=0x000000f4d0afee90 mode 2

Classes redefined (0 events):
No events

Internal exceptions (15 events):
Event: 0.651 Thread 0x000002b86e5ed000 Exception <a 'java/lang/NoSuchMethodError'{0x000000008a4873c8}: 'int java.lang.invoke.DirectMethodHandle$Holder.invokeSpecialIFC(java.lang.Object, java.lang.Object, int)'> (0x000000008a4873c8) thrown at [./src/hotspot/share/interpreter/linkResolver.cpp, line 773]
Event: 0.901 Thread 0x000002b86e5ed000 Exception <a 'java/lang/NoSuchMethodError'{0x000000008a209128}: 'int java.lang.invoke.DirectMethodHandle$Holder.invokeStaticInit(java.lang.Object, java.lang.Object)'> (0x000000008a209128) thrown at [./src/hotspot/share/interpreter/linkResolver.cpp, line 773]
Event: 1.048 Thread 0x000002b86e5ed000 Exception <a 'java/lang/NoSuchMethodError'{0x000000008a2c4b48}: 'int java.lang.invoke.DirectMethodHandle$Holder.invokeSpecial(java.lang.Object, java.lang.Object, java.lang.Object, java.lang.Object)'> (0x000000008a2c4b48) thrown at [./src/hotspot/share/interpreter/linkResolver.cpp, line 773]
Event: 2.458 Thread 0x000002b86e5ed000 Exception <a 'java/lang/NoClassDefFoundError'{0x000000008a003b78}: org/slf4j/impl/StaticMarkerBinder> (0x000000008a003b78) thrown at [./src/hotspot/share/classfile/systemDictionary.cpp, line 220]
Event: 2.472 Thread 0x000002b86e5ed000 Exception <a 'java/lang/NoSuchMethodError'{0x000000008a09bb78}: 'java.lang.Object java.lang.invoke.DirectMethodHandle$Holder.invokeVirtual(java.lang.Object, java.lang.Object, java.lang.Object, java.lang.Object, java.lang.Object)'> (0x000000008a09bb78) thrown at [./src/hotspot/share/interpreter/linkResolver.cpp, line 773]
Event: 2.769 Thread 0x000002b86e5ed000 Exception <a 'java/lang/NoSuchMethodError'{0x0000000089c1e238}: 'java.lang.Object java.lang.invoke.Invokers$Holder.invoker(java.lang.Object, java.lang.Object, java.lang.Object, java.lang.Object, java.lang.Object)'> (0x0000000089c1e238) thrown at [./src/hotspot/share/interpreter/linkResolver.cpp, line 773]
Event: 2.772 Thread 0x000002b86e5ed000 Exception <a 'java/lang/NoSuchMethodError'{0x0000000089c2f0a0}: 'void java.lang.invoke.DelegatingMethodHandle$Holder.delegate(java.lang.Object, java.lang.Object, int, java.lang.Object)'> (0x0000000089c2f0a0) thrown at [./src/hotspot/share/interpreter/linkResolver.cpp, line 773]
Event: 3.551 Thread 0x000002b86e5ed000 Exception <a 'java/lang/NoSuchMethodError'{0x000000008a5e5580}: 'java.lang.Object java.lang.invoke.DirectMethodHandle$Holder.invokeStaticInit(java.lang.Object, java.lang.Object, java.lang.Object)'> (0x000000008a5e5580) thrown at [./src/hotspot/share/interpreter/linkResolver.cpp, line 773]
Event: 4.033 Thread 0x000002b86e5ed000 Exception <a 'java/lang/NoSuchMethodError'{0x000000008a1eae10}: 'java.lang.Object java.lang.invoke.DirectMethodHandle$Holder.invokeStaticInit(java.lang.Object, int, int, int, int)'> (0x000000008a1eae10) thrown at [./src/hotspot/share/interpreter/linkResolver.cpp, line 773]
Event: 4.800 Thread 0x000002b86e5ed000 Exception <a 'java/lang/NoSuchMethodError'{0x000000008a001c10}: 'java.lang.Object java.lang.invoke.DirectMethodHandle$Holder.invokeStaticInit(java.lang.Object, java.lang.Object, int, int, int, int)'> (0x000000008a001c10) thrown at [./src/hotspot/share/interpreter/linkResolver.cpp, line 773]
Event: 11.685 Thread 0x000002b87a410000 Exception <a 'java/lang/NoSuchMethodError'{0x0000000089a90428}: 'void java.lang.invoke.DirectMethodHandle$Holder.invokeStatic(java.lang.Object, long)'> (0x0000000089a90428) thrown at [./src/hotspot/share/interpreter/linkResolver.cpp, line 773]
Event: 11.689 Thread 0x000002b87a410000 Exception <a 'java/lang/NoSuchMethodError'{0x0000000089a95678}: 'java.lang.Object java.lang.invoke.DirectMethodHandle$Holder.invokeStatic(java.lang.Object, long)'> (0x0000000089a95678) thrown at [./src/hotspot/share/interpreter/linkResolver.cpp, line 773]
Event: 11.711 Thread 0x000002b87a410000 Exception <a 'java/lang/NoSuchMethodError'{0x0000000089aa3718}: 'java.lang.Object java.lang.invoke.DirectMethodHandle$Holder.invokeStaticInit(java.lang.Object, java.lang.Object, long, java.lang.Object)'> (0x0000000089aa3718) thrown at [./src/hotspot/share/interpreter/linkResolver.cpp, line 773]
Event: 11.779 Thread 0x000002b87a410000 Exception <a 'java/lang/NoSuchMethodError'{0x0000000089aa9640}: 'java.lang.Object java.lang.invoke.DirectMethodHandle$Holder.invokeStatic(java.lang.Object, java.lang.Object, long)'> (0x0000000089aa9640) thrown at [./src/hotspot/share/interpreter/linkResolver.cpp, line 773]
Event: 11.801 Thread 0x000002b87a410000 Exception <a 'java/lang/NoSuchMethodError'{0x0000000089aaf910}: 'java.lang.Object java.lang.invoke.Invokers$Holder.linkToTargetMethod(java.lang.Object, long, java.lang.Object)'> (0x0000000089aaf910) thrown at [./src/hotspot/share/interpreter/linkResolver.cpp, line 773]

Events (20 events):
Event: 12.215 loading class sun/text/resources/cldr/FormatData done
Event: 12.216 Executing VM operation: RevokeBias done
Event: 12.218 loading class sun/text/resources/cldr/FormatData_en
Event: 12.221 loading class sun/text/resources/cldr/FormatData_en done
Event: 12.223 loading class sun/text/resources/cldr/FormatData_en_US
Event: 12.223 loading class sun/text/resources/cldr/FormatData_en_US done
Event: 12.226 loading class java/text/DecimalFormatSymbols
Event: 12.228 loading class java/text/DecimalFormatSymbols done
Event: 12.232 loading class sun/util/locale/provider/DecimalFormatSymbolsProviderImpl
Event: 12.232 loading class sun/util/locale/provider/DecimalFormatSymbolsProviderImpl done
Event: 12.236 loading class java/text/DecimalFormat
Event: 12.238 loading class java/text/DecimalFormat done
Event: 12.239 loading class java/text/FieldPosition
Event: 12.239 loading class java/text/FieldPosition done
Event: 12.239 loading class java/text/DigitList
Event: 12.240 loading class java/text/DigitList done
Event: 12.240 loading class java/math/RoundingMode
Event: 12.240 loading class java/math/RoundingMode done
Event: 12.921 loading class java/util/regex/Matcher$ImmutableMatchResult
Event: 12.921 loading class java/util/regex/Matcher$ImmutableMatchResult done


Dynamic libraries:
0x00007ff79cf10000 - 0x00007ff79cf1a000 	D:\androidstudio\jre\bin\java.exe
0x00007fff72790000 - 0x00007fff72988000 	C:\WINDOWS\SYSTEM32\ntdll.dll
0x00007fff722e0000 - 0x00007fff7239d000 	C:\WINDOWS\System32\KERNEL32.DLL
0x00007fff70420000 - 0x00007fff706ee000 	C:\WINDOWS\System32\KERNELBASE.dll
0x00007fff6ffb0000 - 0x00007fff700b0000 	C:\WINDOWS\System32\ucrtbase.dll
0x00007fff48930000 - 0x00007fff48949000 	D:\androidstudio\jre\bin\jli.dll
0x00007fff72400000 - 0x00007fff725a0000 	C:\WINDOWS\System32\USER32.dll
0x00007fff6ff50000 - 0x00007fff6ff72000 	C:\WINDOWS\System32\win32u.dll
0x00007fff723d0000 - 0x00007fff723fa000 	C:\WINDOWS\System32\GDI32.dll
0x00007fff700b0000 - 0x00007fff701bb000 	C:\WINDOWS\System32\gdi32full.dll
0x00007fff6feb0000 - 0x00007fff6ff4d000 	C:\WINDOWS\System32\msvcp_win.dll
0x00007fff48910000 - 0x00007fff48927000 	D:\androidstudio\jre\bin\VCRUNTIME140.dll
0x00007fff55da0000 - 0x00007fff5603a000 	C:\WINDOWS\WinSxS\amd64_microsoft.windows.common-controls_6595b64144ccf1df_6.0.19041.1110_none_60b5254171f9507e\COMCTL32.dll
0x00007fff70c30000 - 0x00007fff70cce000 	C:\WINDOWS\System32\msvcrt.dll
0x00007fff723a0000 - 0x00007fff723d0000 	C:\WINDOWS\System32\IMM32.DLL
0x00007fff48870000 - 0x00007fff4890d000 	D:\androidstudio\jre\bin\msvcp140.dll
0x00007fff3ee40000 - 0x00007fff3f90f000 	D:\androidstudio\jre\bin\server\jvm.dll
0x00007fff71ac0000 - 0x00007fff71b6e000 	C:\WINDOWS\System32\ADVAPI32.dll
0x00007fff726b0000 - 0x00007fff7274c000 	C:\WINDOWS\System32\sechost.dll
0x00007fff70a70000 - 0x00007fff70b95000 	C:\WINDOWS\System32\RPCRT4.dll
0x00007fff70c20000 - 0x00007fff70c28000 	C:\WINDOWS\System32\PSAPI.DLL
0x00007fff6b280000 - 0x00007fff6b289000 	C:\WINDOWS\SYSTEM32\WSOCK32.dll
0x00007fff71b80000 - 0x00007fff71beb000 	C:\WINDOWS\System32\WS2_32.dll
0x00007fff56200000 - 0x00007fff56227000 	C:\WINDOWS\SYSTEM32\WINMM.dll
0x00007fff699c0000 - 0x00007fff699ca000 	C:\WINDOWS\SYSTEM32\VERSION.dll
0x00007fff6e760000 - 0x00007fff6e772000 	C:\WINDOWS\SYSTEM32\kernel.appcore.dll
0x00007fff69ed0000 - 0x00007fff69ee1000 	D:\androidstudio\jre\bin\verify.dll
0x00007fff6e3c0000 - 0x00007fff6e5a4000 	C:\WINDOWS\SYSTEM32\DBGHELP.DLL
0x00007fff5b840000 - 0x00007fff5b86c000 	C:\WINDOWS\SYSTEM32\dbgcore.DLL
0x00007fff701c0000 - 0x00007fff70242000 	C:\WINDOWS\System32\bcryptPrimitives.dll
0x00007fff4dbc0000 - 0x00007fff4dbe9000 	D:\androidstudio\jre\bin\java.dll
0x00007fff69ec0000 - 0x00007fff69ecb000 	D:\androidstudio\jre\bin\jimage.dll
0x00007fff69e70000 - 0x00007fff69e88000 	D:\androidstudio\jre\bin\zip.dll
0x00007fff71090000 - 0x00007fff717d3000 	C:\WINDOWS\System32\SHELL32.dll
0x00007fff6db00000 - 0x00007fff6e295000 	C:\WINDOWS\SYSTEM32\windows.storage.dll
0x00007fff70d30000 - 0x00007fff71084000 	C:\WINDOWS\System32\combase.dll
0x00007fff6f910000 - 0x00007fff6f940000 	C:\WINDOWS\SYSTEM32\Wldp.dll
0x00007fff72600000 - 0x00007fff726ad000 	C:\WINDOWS\System32\SHCORE.dll
0x00007fff70cd0000 - 0x00007fff70d25000 	C:\WINDOWS\System32\shlwapi.dll
0x00007fff6fdf0000 - 0x00007fff6fe0f000 	C:\WINDOWS\SYSTEM32\profapi.dll
0x00007fff4dba0000 - 0x00007fff4dbba000 	D:\androidstudio\jre\bin\net.dll
0x00007fff60760000 - 0x00007fff6086a000 	C:\WINDOWS\SYSTEM32\WINHTTP.dll
0x00007fff6f670000 - 0x00007fff6f6da000 	C:\WINDOWS\system32\mswsock.dll
0x00007fff4db80000 - 0x00007fff4db94000 	D:\androidstudio\jre\bin\nio.dll
0x00007fff48840000 - 0x00007fff48866000 	C:\Users\elgen\.gradle\native\fdc75f09e3144964f2cf3f50f0aa648679c211496f362492102eb8c894070792\windows-amd64\native-platform.dll
0x00007fff486a0000 - 0x00007fff48831000 	C:\Users\elgen\.gradle\native\12488b8bf47d2d4c9fbf2f6322a914ad602e24e48041cd04a747c6da556b65c4\windows-amd64\native-platform-file-events.dll
0x00007fff69ea0000 - 0x00007fff69eaa000 	D:\androidstudio\jre\bin\management.dll
0x00007fff524c0000 - 0x00007fff524cc000 	D:\androidstudio\jre\bin\management_ext.dll
0x00007fff6f870000 - 0x00007fff6f888000 	C:\WINDOWS\SYSTEM32\CRYPTSP.dll
0x00007fff6ef80000 - 0x00007fff6efb4000 	C:\WINDOWS\system32\rsaenh.dll
0x00007fff6ff80000 - 0x00007fff6ffa7000 	C:\WINDOWS\System32\bcrypt.dll
0x00007fff6fd70000 - 0x00007fff6fd9e000 	C:\WINDOWS\SYSTEM32\USERENV.dll
0x00007fff6f860000 - 0x00007fff6f86c000 	C:\WINDOWS\SYSTEM32\CRYPTBASE.dll
0x00007fff6f310000 - 0x00007fff6f34b000 	C:\WINDOWS\SYSTEM32\IPHLPAPI.DLL
0x00007fff72080000 - 0x00007fff72088000 	C:\WINDOWS\System32\NSI.dll
0x00007fff66400000 - 0x00007fff66417000 	C:\WINDOWS\SYSTEM32\dhcpcsvc6.DLL
0x00007fff66ee0000 - 0x00007fff66efd000 	C:\WINDOWS\SYSTEM32\dhcpcsvc.DLL
0x00007fff6f360000 - 0x00007fff6f42a000 	C:\WINDOWS\SYSTEM32\DNSAPI.dll
0x00007fff67360000 - 0x00007fff6736b000 	C:\WINDOWS\SYSTEM32\WINNSI.DLL

dbghelp: loaded successfully - version: 4.0.5 - missing functions: none
symbol engine: initialized successfully - sym options: 0x614 - pdb path: .;D:\androidstudio\jre\bin;C:\WINDOWS\SYSTEM32;C:\WINDOWS\WinSxS\amd64_microsoft.windows.common-controls_6595b64144ccf1df_6.0.19041.1110_none_60b5254171f9507e;D:\androidstudio\jre\bin\server;C:\Users\elgen\.gradle\native\fdc75f09e3144964f2cf3f50f0aa648679c211496f362492102eb8c894070792\windows-amd64;C:\Users\elgen\.gradle\native\12488b8bf47d2d4c9fbf2f6322a914ad602e24e48041cd04a747c6da556b65c4\windows-amd64

VM Arguments:
jvm_args: -Dorg.gradle.appname=gradlew 
java_command: org.gradle.wrapper.GradleWrapperMain -q -Ptarget-platform=android-x86 -Ptarget=E:\servnn_user_side_demo\lib\main.dart -Pbase-application-name=android.app.Application -Pdart-defines=Zmx1dHRlci5pbnNwZWN0b3Iuc3RydWN0dXJlZEVycm9ycz10cnVl,RkxVVFRFUl9XRUJfQVVUT19ERVRFQ1Q9dHJ1ZQ== -Pdart-obfuscation=false -Ptrack-widget-creation=true -Ptree-shake-icons=false -Pfilesystem-scheme=org-dartlang-root assembleDebug
java_class_path (initial): E:\servnn_user_side_demo\android\\gradle\wrapper\gradle-wrapper.jar
Launcher Type: SUN_STANDARD

[Global flags]
     intx CICompilerCount                          = 3                                         {product} {ergonomic}
     uint ConcGCThreads                            = 1                                         {product} {ergonomic}
     uint G1ConcRefinementThreads                  = 4                                         {product} {ergonomic}
   size_t G1HeapRegionSize                         = 1048576                                   {product} {ergonomic}
    uintx GCDrainStackTargetSize                   = 64                                        {product} {ergonomic}
   size_t InitialHeapSize                          = 132120576                                 {product} {ergonomic}
   size_t MarkStackSize                            = 4194304                                   {product} {ergonomic}
   size_t MaxHeapSize                              = 2105540608                                {product} {ergonomic}
   size_t MaxNewSize                               = 1262485504                                {product} {ergonomic}
   size_t MinHeapDeltaBytes                        = 1048576                                   {product} {ergonomic}
    uintx NonNMethodCodeHeapSize                   = 5830732                                {pd product} {ergonomic}
    uintx NonProfiledCodeHeapSize                  = 122913754                              {pd product} {ergonomic}
    uintx ProfiledCodeHeapSize                     = 122913754                              {pd product} {ergonomic}
    uintx ReservedCodeCacheSize                    = 251658240                              {pd product} {ergonomic}
     bool SegmentedCodeCache                       = true                                      {product} {ergonomic}
     bool UseCompressedClassPointers               = true                                 {lp64_product} {ergonomic}
     bool UseCompressedOops                        = true                                 {lp64_product} {ergonomic}
     bool UseG1GC                                  = true                                      {product} {ergonomic}
     bool UseLargePagesIndividualAllocation        = false                                  {pd product} {ergonomic}

Logging:
Log output configuration:
 #0: stdout all=warning uptime,level,tags
 #1: stderr all=off uptime,level,tags

Environment Variables:
JAVA_HOME=D:\androidstudio\jre
CLASSPATH=E:\servnn_user_side_demo\android\\gradle\wrapper\gradle-wrapper.jar
PATH=C:\Program Files (x86)\Common Files\Oracle\Java\javapath;C:\WINDOWS\system32;C:\WINDOWS;C:\WINDOWS\System32\Wbem;C:\WINDOWS\System32\WindowsPowerShell\v1.0\;C:\WINDOWS\System32\OpenSSH\;C:\Program Files\Microsoft SQL Server\150\Tools\Binn\;C:\Program Files\Microsoft SQL Server\Client SDK\ODBC\170\Tools\Binn\;C:\Program Files\dotnet\;C:\Program Files\Git\cmd;C:\Users\elgen\AppData\Local\Microsoft\WindowsApps;C:\Users\elgen\.dotnet\tools;C:\src\flutter\bin;
USERNAME=elgen
OS=Windows_NT
PROCESSOR_IDENTIFIER=Intel64 Family 6 Model 142 Stepping 9, GenuineIntel



---------------  S Y S T E M  ---------------

OS: Windows 10 , 64 bit Build 19041 (10.0.19041.1889)
OS uptime: 0 days 0:16 hours

CPU:total 4 (initial active 4) (2 cores per cpu, 2 threads per core) family 6 model 142 stepping 9 microcode 0xb4, cmov, cx8, fxsr, mmx, sse, sse2, sse3, ssse3, sse4.1, sse4.2, popcnt, avx, avx2, aes, clmul, erms, 3dnowpref, lzcnt, ht, tsc, tscinvbit, bmi1, bmi2, adx, fma

Memory: 4k page, system-wide physical 8025M (381M free)
TotalPageFile size 9994M (AvailPageFile size 0M)
current process WorkingSet (physical memory assigned to process): 83M, peak: 85M
current process commit charge ("private bytes"): 214M, peak: 216M

vm_info: OpenJDK 64-Bit Server VM (11.0.10+0-b96-7249189) for windows-amd64 JRE (11.0.10+0-b96-7249189), built on Mar 31 2021 21:44:00 by "builder" with MS VC++ 14.0 (VS2015)

END.
